********************************************************************************
*                     Monday, October 02, 2017 7:46:48 PM                      *
********************************************************************************
CSharpCompilerWrapper.exe version: 2.0.3.30
Platform: Windows
Target assembly: Assembly-CSharp.dll
Project directory: C:\Users\robert\Projects\Datascience Minor Project\Polishift
Target profile directory: C:\Program Files\Unity\Editor\Data\Mono\lib\mono\unity
Unity 'Data' or 'Frameworks' directory: C:/Program Files/Unity/Editor/Data
Compiler: Microsoft C# 7.0

- Compilation -----------------------------------------------

Process: C:\Users\robert\Projects\Datascience Minor Project\Polishift\CSharp70Support\Roslyn\csc.exe
Arguments: -nostdlib+ -noconfig -nologo -r:"C:\Program Files\Unity\Editor\Data\Mono\lib\mono\unity\mscorlib.dll" -r:"C:\Program Files\Unity\Editor\Data\Mono\lib\mono\unity\System.dll" -r:"C:\Program Files\Unity\Editor\Data\Mono\lib\mono\unity\System.Core.dll" -r:"C:\Program Files\Unity\Editor\Data\Mono\lib\mono\unity\System.Xml.dll" @Temp/UnityTempFile-90b81cf605e2b6b4eb595ea82d457551 
Exit code: 0
Elapsed time: 8.27 sec

- Compiler output (0 lines):

- Compiler errors (1 line):
0: Assets\Demo\Scripts\C# 6 Tests\ExceptionFiltersTest.cs(4,10): warning CS1030: #warning: 'IL2CPP may fail this test'

- PDB to MDB conversion --------------------------------------

Process: C:\Users\robert\Projects\Datascience Minor Project\Polishift\CSharp70Support\Roslyn\pdb2mdb.exe
Arguments: Temp\Assembly-CSharp.dll
Exit code: 0
Elapsed time: 0.30 sec

- pdb2mdb.exe output (0 lines):
********************************************************************************
*                     Monday, October 02, 2017 7:46:58 PM                      *
********************************************************************************
CSharpCompilerWrapper.exe version: 2.0.3.30
Platform: Windows
Target assembly: Assembly-CSharp-Editor.dll
Project directory: C:\Users\robert\Projects\Datascience Minor Project\Polishift
Target profile directory: C:\Program Files\Unity\Editor\Data\MonoBleedingEdge\lib\mono\2.0-api
Unity 'Data' or 'Frameworks' directory: C:/Program Files/Unity/Editor/Data
Compiler: Microsoft C# 7.0

- Compilation -----------------------------------------------

Process: C:\Users\robert\Projects\Datascience Minor Project\Polishift\CSharp70Support\Roslyn\csc.exe
Arguments: -nostdlib+ -noconfig -nologo -r:"C:\Program Files\Unity\Editor\Data\MonoBleedingEdge\lib\mono\2.0-api\mscorlib.dll" -r:"C:\Program Files\Unity\Editor\Data\MonoBleedingEdge\lib\mono\2.0-api\System.dll" -r:"C:\Program Files\Unity\Editor\Data\MonoBleedingEdge\lib\mono\2.0-api\System.Core.dll" -r:"C:\Program Files\Unity\Editor\Data\MonoBleedingEdge\lib\mono\2.0-api\System.Xml.dll" @Temp/UnityTempFile-d20b646d325baae4ebe311d185cf6d10 
Exit code: 0
Elapsed time: 5.50 sec

- Compiler output (0 lines):

- Compiler errors (0 lines):

- PDB to MDB conversion --------------------------------------

Process: C:\Users\robert\Projects\Datascience Minor Project\Polishift\CSharp70Support\Roslyn\pdb2mdb.exe
Arguments: Temp\Assembly-CSharp-Editor.dll
Exit code: 0
Elapsed time: 0.46 sec

- pdb2mdb.exe output (0 lines):
